Base path: F:/unity3d/Editor/Data
Pipe name: \\.\pipe\UnityShaderCompiler-3-6788
Cmd: getPlatforms
Cmd: compileSnippet
  api=8 type=0 insize=5424 outsize=5834 kw=DIRECTIONAL LIGHTMAP_OFF DIRLIGHTMAP_OFF ok=1
Cmd: compileSnippet
  api=1 type=0 insize=5424 outsize=479 kw=DIRECTIONAL LIGHTMAP_ON DIRLIGHTMAP_OFF ok=1
Cmd: compileSnippet
  api=0 type=0 insize=5424 outsize=2008 kw=DIRECTIONAL LIGHTMAP_OFF DIRLIGHTMAP_OFF VERTEXLIGHT_ON ok=1
Cmd: compileSnippet
  api=8 type=0 insize=5424 outsize=8142 kw=DIRECTIONAL LIGHTMAP_OFF DIRLIGHTMAP_OFF VERTEXLIGHT_ON ok=1
Cmd: compileSnippet
  api=0 type=1 insize=5424 outsize=455 kw=DIRECTIONAL LIGHTMAP_ON DIRLIGHTMAP_OFF ok=1
Cmd: compileSnippet
  api=1 type=1 insize=5424 outsize=346 kw=DIRECTIONAL LIGHTMAP_ON DIRLIGHTMAP_OFF ok=1
Cmd: compileSnippet
  api=0 type=0 insize=2693 outsize=699 kw=DIRECTIONAL ok=1
Cmd: compileSnippet
  api=8 type=0 insize=2693 outsize=3307 kw=DIRECTIONAL ok=1
Cmd: compileSnippet
  api=1 type=0 insize=2693 outsize=405 kw=POINT_COOKIE ok=1
Cmd: compileSnippet
  api=0 type=0 insize=2693 outsize=815 kw=DIRECTIONAL_COOKIE ok=1
Cmd: compileSnippet
  api=8 type=0 insize=2693 outsize=4331 kw=DIRECTIONAL_COOKIE ok=1
Cmd: compileSnippet
  api=0 type=1 insize=2693 outsize=767 kw=DIRECTIONAL ok=1
Cmd: compileSnippet
  api=8 type=1 insize=2693 outsize=3202 kw=DIRECTIONAL ok=1
Cmd: compileSnippet
  api=1 type=1 insize=2693 outsize=814 kw=POINT_COOKIE ok=1
Cmd: compileSnippet
  api=0 type=1 insize=2693 outsize=831 kw=DIRECTIONAL_COOKIE ok=1
Cmd: compileSnippet
  api=4 type=1 insize=2693 outsize=2379 kw=DIRECTIONAL_COOKIE ok=1
Unhandled exception: Readfile from pipe failed. GLE=管道已结束。


Quitting shader compiler process
