Base path: F:/unity3d/Editor/Data
Pipe name: \\.\pipe\UnityShaderCompiler-4-5088
Cmd: getPlatforms
Cmd: compileSnippet
  api=0 type=0 insize=5424 outsize=792 kw=DIRECTIONAL LIGHTMAP_ON DIRLIGHTMAP_OFF ok=1
Cmd: compileSnippet
  api=4 type=0 insize=5424 outsize=2468 kw=DIRECTIONAL LIGHTMAP_ON DIRLIGHTMAP_OFF ok=1
Cmd: compileSnippet
  api=8 type=0 insize=5424 outsize=3551 kw=DIRECTIONAL LIGHTMAP_ON DIRLIGHTMAP_OFF ok=1
Cmd: compileSnippet
  api=8 type=0 insize=5424 outsize=4266 kw=DIRECTIONAL LIGHTMAP_ON DIRLIGHTMAP_ON ok=1
Cmd: compileSnippet
  api=1 type=0 insize=5424 outsize=1455 kw=DIRECTIONAL LIGHTMAP_OFF DIRLIGHTMAP_OFF VERTEXLIGHT_ON ok=1
Cmd: compileSnippet
  api=1 type=1 insize=5424 outsize=751 kw=DIRECTIONAL LIGHTMAP_OFF DIRLIGHTMAP_OFF ok=1
Cmd: compileSnippet
  api=1 type=0 insize=2693 outsize=405 kw=POINT ok=1
Cmd: compileSnippet
  api=1 type=0 insize=2693 outsize=326 kw=DIRECTIONAL ok=1
Cmd: compileSnippet
  api=8 type=0 insize=2693 outsize=4363 kw=SPOT ok=1
Cmd: compileSnippet
  api=4 type=0 insize=2693 outsize=3053 kw=POINT_COOKIE ok=1
Cmd: compileSnippet
  api=4 type=0 insize=2693 outsize=3029 kw=DIRECTIONAL_COOKIE ok=1
Cmd: compileSnippet
  api=1 type=1 insize=2693 outsize=766 kw=POINT ok=1
Cmd: compileSnippet
  api=0 type=1 insize=2693 outsize=1146 kw=SPOT ok=1
Cmd: compileSnippet
  api=0 type=1 insize=2693 outsize=1022 kw=POINT_COOKIE ok=1
Cmd: compileSnippet
  api=4 type=1 insize=2693 outsize=2688 kw=POINT_COOKIE ok=1
Cmd: compileSnippet
  api=8 type=1 insize=2693 outsize=3608 kw=DIRECTIONAL_COOKIE ok=1
Unhandled exception: Readfile from pipe failed. GLE=管道已结束。


Quitting shader compiler process
